<?xml version="1.0" encoding="UTF-8" ?>
<testsuite tests="9" failures="0" name="runners.TestRunner" time="0.009" errors="0" skipped="0">
  <properties>
[...]
</properties>
  <testcase classname="Scenario: A MacBook 15” with accessories can be ordered on the website" name="Given I go to the website" time="0.005"/>
  <testcase classname="Scenario: A MacBook 15” with accessories can be ordered on the website" name="When I choose a MacBook Pro with the following features and accessories" time="0"/>
  <testcase classname="Scenario: A MacBook 15” with accessories can be ordered on the website" name="Then I can place an order for it." time="0"/>
  <testcase classname="Scenario: A MacBook 15” with accessories can be ordered on the website" name="Scenario: A MacBook 15” with accessories can be ordered on the website" time="0.002"/>
  <testcase classname="Scenario: The correct price and VAT are displayed for a MacBook 15” with accessories" name="Given when I choose the following items:" time="0.001"/>
  <testcase classname="Scenario: The correct price and VAT are displayed for a MacBook 15” with accessories" name="When I proceed to the checkout" time="0.001"/>
  <testcase classname="Scenario: The correct price and VAT are displayed for a MacBook 15” with accessories" name="Then a total price of £2917.99 will be displayed" time="0"/>
  <testcase classname="Scenario: The correct price and VAT are displayed for a MacBook 15” with accessories" name="And £486.34 will be listed for VAT." time="0"/>
  <testcase classname="Scenario: The correct price and VAT are displayed for a MacBook 15” with accessories" name="Scenario: The correct price and VAT are displayed for a MacBook 15” with accessories" time="0"/>
</testsuite>